[1.358s] Invoking command in '/home/ryujihirano/ROS2/ros2_ws/src/mypkg': PYTHONPATH=/home/ryujihirano/ROS2/ros2_ws/install/mypkg/lib/python3.8/site-packages:${PYTHONPATH} /usr/bin/python3 setup.py egg_info --egg-base ../../build/mypkg build --build-base /home/ryujihirano/ROS2/ros2_ws/build/mypkg/build install --prefix /home/ryujihirano/ROS2/ros2_ws/install/mypkg --record /home/ryujihirano/ROS2/ros2_ws/build/mypkg/install.log --single-version-externally-managed
[1.772s] running egg_info
[1.772s] creating ../../build/mypkg/mypkg.egg-info
[1.772s] writing ../../build/mypkg/mypkg.egg-info/PKG-INFO
[1.774s] writing dependency_links to ../../build/mypkg/mypkg.egg-info/dependency_links.txt
[1.775s] writing entry points to ../../build/mypkg/mypkg.egg-info/entry_points.txt
[1.775s] writing requirements to ../../build/mypkg/mypkg.egg-info/requires.txt
[1.776s] writing top-level names to ../../build/mypkg/mypkg.egg-info/top_level.txt
[1.783s] writing manifest file '../../build/mypkg/mypkg.egg-info/SOURCES.txt'
[1.820s] reading manifest file '../../build/mypkg/mypkg.egg-info/SOURCES.txt'
[1.821s] writing manifest file '../../build/mypkg/mypkg.egg-info/SOURCES.txt'
[1.822s] running build
[1.822s] running build_py
[1.822s] creating /home/ryujihirano/ROS2/ros2_ws/build/mypkg/build
[1.822s] creating /home/ryujihirano/ROS2/ros2_ws/build/mypkg/build/lib
[1.822s] creating /home/ryujihirano/ROS2/ros2_ws/build/mypkg/build/lib/mypkg
[1.823s] copying mypkg/__init__.py -> /home/ryujihirano/ROS2/ros2_ws/build/mypkg/build/lib/mypkg
[1.824s] running install
[1.825s] running install_lib
[1.826s] creating /home/ryujihirano/ROS2/ros2_ws/install/mypkg/lib/python3.8/site-packages/mypkg
[1.827s] copying /home/ryujihirano/ROS2/ros2_ws/build/mypkg/build/lib/mypkg/__init__.py -> /home/ryujihirano/ROS2/ros2_ws/install/mypkg/lib/python3.8/site-packages/mypkg
[1.828s] byte-compiling /home/ryujihirano/ROS2/ros2_ws/install/mypkg/lib/python3.8/site-packages/mypkg/__init__.py to __init__.cpython-38.pyc
[1.831s] running install_data
[1.832s] creating /home/ryujihirano/ROS2/ros2_ws/install/mypkg/share/ament_index
[1.832s] creating /home/ryujihirano/ROS2/ros2_ws/install/mypkg/share/ament_index/resource_index
[1.832s] creating /home/ryujihirano/ROS2/ros2_ws/install/mypkg/share/ament_index/resource_index/packages
[1.832s] copying resource/mypkg -> /home/ryujihirano/ROS2/ros2_ws/install/mypkg/share/ament_index/resource_index/packages
[1.833s] copying package.xml -> /home/ryujihirano/ROS2/ros2_ws/install/mypkg/share/mypkg
[1.834s] running install_egg_info
[1.836s] Copying ../../build/mypkg/mypkg.egg-info to /home/ryujihirano/ROS2/ros2_ws/install/mypkg/lib/python3.8/site-packages/mypkg-0.0.0-py3.8.egg-info
[1.845s] running install_scripts
[1.870s] writing list of installed files to '/home/ryujihirano/ROS2/ros2_ws/build/mypkg/install.log'
[1.890s] Invoked command in '/home/ryujihirano/ROS2/ros2_ws/src/mypkg' returned '0': PYTHONPATH=/home/ryujihirano/ROS2/ros2_ws/install/mypkg/lib/python3.8/site-packages:${PYTHONPATH} /usr/bin/python3 setup.py egg_info --egg-base ../../build/mypkg build --build-base /home/ryujihirano/ROS2/ros2_ws/build/mypkg/build install --prefix /home/ryujihirano/ROS2/ros2_ws/install/mypkg --record /home/ryujihirano/ROS2/ros2_ws/build/mypkg/install.log --single-version-externally-managed
