[3.082s] Invoking command in '/home/ryujihirano/ROS2/ros2_ws/src/mypkg': PYTHONPATH=/home/ryujihirano/ROS2/ros2_ws/install/mypkg/lib/python3.8/site-packages:${PYTHONPATH} /usr/bin/python3 setup.py egg_info --egg-base ../../build/mypkg build --build-base /home/ryujihirano/ROS2/ros2_ws/build/mypkg/build install --prefix /home/ryujihirano/ROS2/ros2_ws/install/mypkg --record /home/ryujihirano/ROS2/ros2_ws/build/mypkg/install.log --single-version-externally-managed
[4.201s] running egg_info
[4.202s] writing ../../build/mypkg/mypkg.egg-info/PKG-INFO
[4.203s] writing dependency_links to ../../build/mypkg/mypkg.egg-info/dependency_links.txt
[4.205s] writing entry points to ../../build/mypkg/mypkg.egg-info/entry_points.txt
[4.205s] writing requirements to ../../build/mypkg/mypkg.egg-info/requires.txt
[4.206s] writing top-level names to ../../build/mypkg/mypkg.egg-info/top_level.txt
[4.314s] reading manifest file '../../build/mypkg/mypkg.egg-info/SOURCES.txt'
[4.318s] writing manifest file '../../build/mypkg/mypkg.egg-info/SOURCES.txt'
[4.319s] running build
[4.319s] running build_py
[4.321s] copying mypkg/listener.py -> /home/ryujihirano/ROS2/ros2_ws/build/mypkg/build/lib/mypkg
[4.323s] running install
[4.326s] running install_lib
[4.330s] copying /home/ryujihirano/ROS2/ros2_ws/build/mypkg/build/lib/mypkg/listener.py -> /home/ryujihirano/ROS2/ros2_ws/install/mypkg/lib/python3.8/site-packages/mypkg
[4.334s] byte-compiling /home/ryujihirano/ROS2/ros2_ws/install/mypkg/lib/python3.8/site-packages/mypkg/listener.py to listener.cpython-38.pyc
[4.343s] running install_data
[4.344s] running install_egg_info
[4.350s] removing '/home/ryujihirano/ROS2/ros2_ws/install/mypkg/lib/python3.8/site-packages/mypkg-0.0.0-py3.8.egg-info' (and everything under it)
[4.360s] Copying ../../build/mypkg/mypkg.egg-info to /home/ryujihirano/ROS2/ros2_ws/install/mypkg/lib/python3.8/site-packages/mypkg-0.0.0-py3.8.egg-info
[4.384s] running install_scripts
[4.450s] Installing listener script to /home/ryujihirano/ROS2/ros2_ws/install/mypkg/lib/mypkg
[4.453s] Installing talker script to /home/ryujihirano/ROS2/ros2_ws/install/mypkg/lib/mypkg
[4.455s] writing list of installed files to '/home/ryujihirano/ROS2/ros2_ws/build/mypkg/install.log'
[4.497s] Invoked command in '/home/ryujihirano/ROS2/ros2_ws/src/mypkg' returned '0': PYTHONPATH=/home/ryujihirano/ROS2/ros2_ws/install/mypkg/lib/python3.8/site-packages:${PYTHONPATH} /usr/bin/python3 setup.py egg_info --egg-base ../../build/mypkg build --build-base /home/ryujihirano/ROS2/ros2_ws/build/mypkg/build install --prefix /home/ryujihirano/ROS2/ros2_ws/install/mypkg --record /home/ryujihirano/ROS2/ros2_ws/build/mypkg/install.log --single-version-externally-managed
