[1.114s] Invoking command in '/home/ryujihirano/ROS2/ros2_ws/src/mypkg': PYTHONPATH=/home/ryujihirano/ROS2/ros2_ws/install/mypkg/lib/python3.8/site-packages:${PYTHONPATH} /usr/bin/python3 setup.py egg_info --egg-base ../../build/mypkg build --build-base /home/ryujihirano/ROS2/ros2_ws/build/mypkg/build install --prefix /home/ryujihirano/ROS2/ros2_ws/install/mypkg --record /home/ryujihirano/ROS2/ros2_ws/build/mypkg/install.log --single-version-externally-managed
[1.519s] running egg_info
[1.520s] writing ../../build/mypkg/mypkg.egg-info/PKG-INFO
[1.520s] writing dependency_links to ../../build/mypkg/mypkg.egg-info/dependency_links.txt
[1.522s] writing entry points to ../../build/mypkg/mypkg.egg-info/entry_points.txt
[1.522s] writing requirements to ../../build/mypkg/mypkg.egg-info/requires.txt
[1.522s] writing top-level names to ../../build/mypkg/mypkg.egg-info/top_level.txt
[1.563s] reading manifest file '../../build/mypkg/mypkg.egg-info/SOURCES.txt'
[1.564s] writing manifest file '../../build/mypkg/mypkg.egg-info/SOURCES.txt'
[1.565s] running build
[1.565s] running build_py
[1.565s] copying mypkg/__init__.py -> /home/ryujihirano/ROS2/ros2_ws/build/mypkg/build/lib/mypkg
[1.566s] running install
[1.568s] running install_lib
[1.570s] copying /home/ryujihirano/ROS2/ros2_ws/build/mypkg/build/lib/mypkg/__init__.py -> /home/ryujihirano/ROS2/ros2_ws/install/mypkg/lib/python3.8/site-packages/mypkg
[1.571s] byte-compiling /home/ryujihirano/ROS2/ros2_ws/install/mypkg/lib/python3.8/site-packages/mypkg/__init__.py to __init__.cpython-38.pyc
[1.574s] running install_data
[1.575s] running install_egg_info
[1.577s] removing '/home/ryujihirano/ROS2/ros2_ws/install/mypkg/lib/python3.8/site-packages/mypkg-0.0.0-py3.8.egg-info' (and everything under it)
[1.581s] Copying ../../build/mypkg/mypkg.egg-info to /home/ryujihirano/ROS2/ros2_ws/install/mypkg/lib/python3.8/site-packages/mypkg-0.0.0-py3.8.egg-info
[1.590s] running install_scripts
[1.613s] Installing listener script to /home/ryujihirano/ROS2/ros2_ws/install/mypkg/lib/mypkg
[1.613s] Installing talker script to /home/ryujihirano/ROS2/ros2_ws/install/mypkg/lib/mypkg
[1.614s] writing list of installed files to '/home/ryujihirano/ROS2/ros2_ws/build/mypkg/install.log'
[1.633s] Invoked command in '/home/ryujihirano/ROS2/ros2_ws/src/mypkg' returned '0': PYTHONPATH=/home/ryujihirano/ROS2/ros2_ws/install/mypkg/lib/python3.8/site-packages:${PYTHONPATH} /usr/bin/python3 setup.py egg_info --egg-base ../../build/mypkg build --build-base /home/ryujihirano/ROS2/ros2_ws/build/mypkg/build install --prefix /home/ryujihirano/ROS2/ros2_ws/install/mypkg --record /home/ryujihirano/ROS2/ros2_ws/build/mypkg/install.log --single-version-externally-managed
