[3.158s] Invoking command in '/home/ryujihirano/ROS2/ros2_ws/src/mypkg': PYTHONPATH=/home/ryujihirano/ROS2/ros2_ws/install/mypkg/lib/python3.8/site-packages:${PYTHONPATH} /usr/bin/python3 setup.py egg_info --egg-base ../../build/mypkg build --build-base /home/ryujihirano/ROS2/ros2_ws/build/mypkg/build install --prefix /home/ryujihirano/ROS2/ros2_ws/install/mypkg --record /home/ryujihirano/ROS2/ros2_ws/build/mypkg/install.log --single-version-externally-managed
[4.358s] running egg_info
[4.360s] creating ../../build/mypkg/mypkg.egg-info
[4.361s] writing ../../build/mypkg/mypkg.egg-info/PKG-INFO
[4.366s] writing dependency_links to ../../build/mypkg/mypkg.egg-info/dependency_links.txt
[4.369s] writing entry points to ../../build/mypkg/mypkg.egg-info/entry_points.txt
[4.372s] writing requirements to ../../build/mypkg/mypkg.egg-info/requires.txt
[4.375s] writing top-level names to ../../build/mypkg/mypkg.egg-info/top_level.txt
[4.403s] writing manifest file '../../build/mypkg/mypkg.egg-info/SOURCES.txt'
[4.536s] reading manifest file '../../build/mypkg/mypkg.egg-info/SOURCES.txt'
[4.543s] writing manifest file '../../build/mypkg/mypkg.egg-info/SOURCES.txt'
[4.544s] running build
[4.544s] running build_py
[4.544s] creating /home/ryujihirano/ROS2/ros2_ws/build/mypkg/build
[4.545s] creating /home/ryujihirano/ROS2/ros2_ws/build/mypkg/build/lib
[4.545s] creating /home/ryujihirano/ROS2/ros2_ws/build/mypkg/build/lib/mypkg
[4.545s] copying mypkg/__init__.py -> /home/ryujihirano/ROS2/ros2_ws/build/mypkg/build/lib/mypkg
[4.549s] running install
[4.552s] running install_lib
[4.558s] creating /home/ryujihirano/ROS2/ros2_ws/install/mypkg/lib/python3.8/site-packages/mypkg
[4.559s] copying /home/ryujihirano/ROS2/ros2_ws/build/mypkg/build/lib/mypkg/__init__.py -> /home/ryujihirano/ROS2/ros2_ws/install/mypkg/lib/python3.8/site-packages/mypkg
[4.565s] byte-compiling /home/ryujihirano/ROS2/ros2_ws/install/mypkg/lib/python3.8/site-packages/mypkg/__init__.py to __init__.cpython-38.pyc
[4.576s] running install_data
[4.579s] creating /home/ryujihirano/ROS2/ros2_ws/install/mypkg/share/ament_index
[4.581s] creating /home/ryujihirano/ROS2/ros2_ws/install/mypkg/share/ament_index/resource_index
[4.581s] creating /home/ryujihirano/ROS2/ros2_ws/install/mypkg/share/ament_index/resource_index/packages
[4.581s] copying resource/mypkg -> /home/ryujihirano/ROS2/ros2_ws/install/mypkg/share/ament_index/resource_index/packages
[4.584s] copying package.xml -> /home/ryujihirano/ROS2/ros2_ws/install/mypkg/share/mypkg
[4.587s] running install_egg_info
[4.596s] Copying ../../build/mypkg/mypkg.egg-info to /home/ryujihirano/ROS2/ros2_ws/install/mypkg/lib/python3.8/site-packages/mypkg-0.0.0-py3.8.egg-info
[4.627s] running install_scripts
[4.698s] writing list of installed files to '/home/ryujihirano/ROS2/ros2_ws/build/mypkg/install.log'
[4.749s] Invoked command in '/home/ryujihirano/ROS2/ros2_ws/src/mypkg' returned '0': PYTHONPATH=/home/ryujihirano/ROS2/ros2_ws/install/mypkg/lib/python3.8/site-packages:${PYTHONPATH} /usr/bin/python3 setup.py egg_info --egg-base ../../build/mypkg build --build-base /home/ryujihirano/ROS2/ros2_ws/build/mypkg/build install --prefix /home/ryujihirano/ROS2/ros2_ws/install/mypkg --record /home/ryujihirano/ROS2/ros2_ws/build/mypkg/install.log --single-version-externally-managed
