[3.239s] Invoking command in '/home/ryujihirano/ROS2/ros2_ws/src/mypkg': PYTHONPATH=/home/ryujihirano/ROS2/ros2_ws/install/mypkg/lib/python3.8/site-packages:${PYTHONPATH} /usr/bin/python3 setup.py egg_info --egg-base ../../build/mypkg build --build-base /home/ryujihirano/ROS2/ros2_ws/build/mypkg/build install --prefix /home/ryujihirano/ROS2/ros2_ws/install/mypkg --record /home/ryujihirano/ROS2/ros2_ws/build/mypkg/install.log --single-version-externally-managed
[4.481s] running egg_info
[4.482s] writing ../../build/mypkg/mypkg.egg-info/PKG-INFO
[4.484s] writing dependency_links to ../../build/mypkg/mypkg.egg-info/dependency_links.txt
[4.486s] writing entry points to ../../build/mypkg/mypkg.egg-info/entry_points.txt
[4.486s] writing requirements to ../../build/mypkg/mypkg.egg-info/requires.txt
[4.487s] writing top-level names to ../../build/mypkg/mypkg.egg-info/top_level.txt
[4.591s] reading manifest file '../../build/mypkg/mypkg.egg-info/SOURCES.txt'
[4.594s] writing manifest file '../../build/mypkg/mypkg.egg-info/SOURCES.txt'
[4.595s] running build
[4.595s] running build_py
[4.597s] copying mypkg/talker.py -> /home/ryujihirano/ROS2/ros2_ws/build/mypkg/build/lib/mypkg
[4.599s] running install
[4.601s] running install_lib
[4.606s] copying /home/ryujihirano/ROS2/ros2_ws/build/mypkg/build/lib/mypkg/talker.py -> /home/ryujihirano/ROS2/ros2_ws/install/mypkg/lib/python3.8/site-packages/mypkg
[4.610s] byte-compiling /home/ryujihirano/ROS2/ros2_ws/install/mypkg/lib/python3.8/site-packages/mypkg/talker.py to talker.cpython-38.pyc
[4.618s] running install_data
[4.620s] copying package.xml -> /home/ryujihirano/ROS2/ros2_ws/install/mypkg/share/mypkg
[4.625s] running install_egg_info
[4.631s] removing '/home/ryujihirano/ROS2/ros2_ws/install/mypkg/lib/python3.8/site-packages/mypkg-0.0.0-py3.8.egg-info' (and everything under it)
[4.640s] Copying ../../build/mypkg/mypkg.egg-info to /home/ryujihirano/ROS2/ros2_ws/install/mypkg/lib/python3.8/site-packages/mypkg-0.0.0-py3.8.egg-info
[4.664s] running install_scripts
[4.728s] Installing talker script to /home/ryujihirano/ROS2/ros2_ws/install/mypkg/lib/mypkg
[4.731s] writing list of installed files to '/home/ryujihirano/ROS2/ros2_ws/build/mypkg/install.log'
[4.774s] Invoked command in '/home/ryujihirano/ROS2/ros2_ws/src/mypkg' returned '0': PYTHONPATH=/home/ryujihirano/ROS2/ros2_ws/install/mypkg/lib/python3.8/site-packages:${PYTHONPATH} /usr/bin/python3 setup.py egg_info --egg-base ../../build/mypkg build --build-base /home/ryujihirano/ROS2/ros2_ws/build/mypkg/build install --prefix /home/ryujihirano/ROS2/ros2_ws/install/mypkg --record /home/ryujihirano/ROS2/ros2_ws/build/mypkg/install.log --single-version-externally-managed
