[1.149s] Invoking command in '/home/ryujihirano/ROS2/ros2_ws/src/mypkg': PYTHONPATH=/home/ryujihirano/ROS2/ros2_ws/install/mypkg/lib/python3.8/site-packages:${PYTHONPATH} /usr/bin/python3 setup.py egg_info --egg-base ../../build/mypkg build --build-base /home/ryujihirano/ROS2/ros2_ws/build/mypkg/build install --prefix /home/ryujihirano/ROS2/ros2_ws/install/mypkg --record /home/ryujihirano/ROS2/ros2_ws/build/mypkg/install.log --single-version-externally-managed
[1.557s] running egg_info
[1.557s] writing ../../build/mypkg/mypkg.egg-info/PKG-INFO
[1.558s] writing dependency_links to ../../build/mypkg/mypkg.egg-info/dependency_links.txt
[1.559s] writing entry points to ../../build/mypkg/mypkg.egg-info/entry_points.txt
[1.559s] writing requirements to ../../build/mypkg/mypkg.egg-info/requires.txt
[1.560s] writing top-level names to ../../build/mypkg/mypkg.egg-info/top_level.txt
[1.599s] reading manifest file '../../build/mypkg/mypkg.egg-info/SOURCES.txt'
[1.600s] writing manifest file '../../build/mypkg/mypkg.egg-info/SOURCES.txt'
[1.601s] running build
[1.601s] running build_py
[1.601s] running install
[1.602s] running install_lib
[1.605s] running install_data
[1.605s] copying package.xml -> /home/ryujihirano/ROS2/ros2_ws/install/mypkg/share/mypkg
[1.607s] copying launch/talk_listen.launch.py -> /home/ryujihirano/ROS2/ros2_ws/install/mypkg/share/mypkg
[1.608s] running install_egg_info
[1.610s] removing '/home/ryujihirano/ROS2/ros2_ws/install/mypkg/lib/python3.8/site-packages/mypkg-0.0.0-py3.8.egg-info' (and everything under it)
[1.613s] Copying ../../build/mypkg/mypkg.egg-info to /home/ryujihirano/ROS2/ros2_ws/install/mypkg/lib/python3.8/site-packages/mypkg-0.0.0-py3.8.egg-info
[1.622s] running install_scripts
[1.645s] Installing listener script to /home/ryujihirano/ROS2/ros2_ws/install/mypkg/lib/mypkg
[1.645s] Installing talker script to /home/ryujihirano/ROS2/ros2_ws/install/mypkg/lib/mypkg
[1.646s] writing list of installed files to '/home/ryujihirano/ROS2/ros2_ws/build/mypkg/install.log'
[1.666s] Invoked command in '/home/ryujihirano/ROS2/ros2_ws/src/mypkg' returned '0': PYTHONPATH=/home/ryujihirano/ROS2/ros2_ws/install/mypkg/lib/python3.8/site-packages:${PYTHONPATH} /usr/bin/python3 setup.py egg_info --egg-base ../../build/mypkg build --build-base /home/ryujihirano/ROS2/ros2_ws/build/mypkg/build install --prefix /home/ryujihirano/ROS2/ros2_ws/install/mypkg --record /home/ryujihirano/ROS2/ros2_ws/build/mypkg/install.log --single-version-externally-managed
