[1.135s] Invoking command in '/home/ryujihirano/ROS2/ros2_ws/src/mypkg': PYTHONPATH=/home/ryujihirano/ROS2/ros2_ws/install/mypkg/lib/python3.8/site-packages:${PYTHONPATH} /usr/bin/python3 setup.py egg_info --egg-base ../../build/mypkg build --build-base /home/ryujihirano/ROS2/ros2_ws/build/mypkg/build install --prefix /home/ryujihirano/ROS2/ros2_ws/install/mypkg --record /home/ryujihirano/ROS2/ros2_ws/build/mypkg/install.log --single-version-externally-managed
[1.543s] running egg_info
[1.544s] writing ../../build/mypkg/mypkg.egg-info/PKG-INFO
[1.544s] writing dependency_links to ../../build/mypkg/mypkg.egg-info/dependency_links.txt
[1.546s] writing entry points to ../../build/mypkg/mypkg.egg-info/entry_points.txt
[1.546s] writing requirements to ../../build/mypkg/mypkg.egg-info/requires.txt
[1.546s] writing top-level names to ../../build/mypkg/mypkg.egg-info/top_level.txt
[1.585s] reading manifest file '../../build/mypkg/mypkg.egg-info/SOURCES.txt'
[1.586s] writing manifest file '../../build/mypkg/mypkg.egg-info/SOURCES.txt'
[1.587s] running build
[1.587s] running build_py
[1.587s] copying mypkg/listener.py -> /home/ryujihirano/ROS2/ros2_ws/build/mypkg/build/lib/mypkg
[1.589s] running install
[1.590s] running install_lib
[1.591s] copying /home/ryujihirano/ROS2/ros2_ws/build/mypkg/build/lib/mypkg/listener.py -> /home/ryujihirano/ROS2/ros2_ws/install/mypkg/lib/python3.8/site-packages/mypkg
[1.593s] byte-compiling /home/ryujihirano/ROS2/ros2_ws/install/mypkg/lib/python3.8/site-packages/mypkg/listener.py to listener.cpython-38.pyc
[1.596s] running install_data
[1.597s] running install_egg_info
[1.599s] removing '/home/ryujihirano/ROS2/ros2_ws/install/mypkg/lib/python3.8/site-packages/mypkg-0.0.0-py3.8.egg-info' (and everything under it)
[1.603s] Copying ../../build/mypkg/mypkg.egg-info to /home/ryujihirano/ROS2/ros2_ws/install/mypkg/lib/python3.8/site-packages/mypkg-0.0.0-py3.8.egg-info
[1.611s] running install_scripts
[1.634s] Installing listener script to /home/ryujihirano/ROS2/ros2_ws/install/mypkg/lib/mypkg
[1.635s] Installing talker script to /home/ryujihirano/ROS2/ros2_ws/install/mypkg/lib/mypkg
[1.636s] writing list of installed files to '/home/ryujihirano/ROS2/ros2_ws/build/mypkg/install.log'
[1.654s] Invoked command in '/home/ryujihirano/ROS2/ros2_ws/src/mypkg' returned '0': PYTHONPATH=/home/ryujihirano/ROS2/ros2_ws/install/mypkg/lib/python3.8/site-packages:${PYTHONPATH} /usr/bin/python3 setup.py egg_info --egg-base ../../build/mypkg build --build-base /home/ryujihirano/ROS2/ros2_ws/build/mypkg/build install --prefix /home/ryujihirano/ROS2/ros2_ws/install/mypkg --record /home/ryujihirano/ROS2/ros2_ws/build/mypkg/install.log --single-version-externally-managed
