[0.975s] Invoking command in '/home/ryujihirano/ROS2/ros2_ws/src/mypkg': PYTHONPATH=/home/ryujihirano/ROS2/ros2_ws/install/mypkg/lib/python3.8/site-packages:${PYTHONPATH} /usr/bin/python3 setup.py egg_info --egg-base ../../build/mypkg build --build-base /home/ryujihirano/ROS2/ros2_ws/build/mypkg/build install --prefix /home/ryujihirano/ROS2/ros2_ws/install/mypkg --record /home/ryujihirano/ROS2/ros2_ws/build/mypkg/install.log --single-version-externally-managed
[1.331s] running egg_info
[1.332s] writing ../../build/mypkg/mypkg.egg-info/PKG-INFO
[1.332s] writing dependency_links to ../../build/mypkg/mypkg.egg-info/dependency_links.txt
[1.334s] writing entry points to ../../build/mypkg/mypkg.egg-info/entry_points.txt
[1.334s] writing requirements to ../../build/mypkg/mypkg.egg-info/requires.txt
[1.334s] writing top-level names to ../../build/mypkg/mypkg.egg-info/top_level.txt
[1.368s] reading manifest file '../../build/mypkg/mypkg.egg-info/SOURCES.txt'
[1.370s] writing manifest file '../../build/mypkg/mypkg.egg-info/SOURCES.txt'
[1.370s] running build
[1.370s] running build_py
[1.370s] running install
[1.371s] running install_lib
[1.373s] running install_data
[1.374s] running install_egg_info
[1.376s] removing '/home/ryujihirano/ROS2/ros2_ws/install/mypkg/lib/python3.8/site-packages/mypkg-0.0.0-py3.8.egg-info' (and everything under it)
[1.379s] Copying ../../build/mypkg/mypkg.egg-info to /home/ryujihirano/ROS2/ros2_ws/install/mypkg/lib/python3.8/site-packages/mypkg-0.0.0-py3.8.egg-info
[1.386s] running install_scripts
[1.407s] Installing listener script to /home/ryujihirano/ROS2/ros2_ws/install/mypkg/lib/mypkg
[1.407s] Installing talker script to /home/ryujihirano/ROS2/ros2_ws/install/mypkg/lib/mypkg
[1.408s] writing list of installed files to '/home/ryujihirano/ROS2/ros2_ws/build/mypkg/install.log'
[1.424s] Invoked command in '/home/ryujihirano/ROS2/ros2_ws/src/mypkg' returned '0': PYTHONPATH=/home/ryujihirano/ROS2/ros2_ws/install/mypkg/lib/python3.8/site-packages:${PYTHONPATH} /usr/bin/python3 setup.py egg_info --egg-base ../../build/mypkg build --build-base /home/ryujihirano/ROS2/ros2_ws/build/mypkg/build install --prefix /home/ryujihirano/ROS2/ros2_ws/install/mypkg --record /home/ryujihirano/ROS2/ros2_ws/build/mypkg/install.log --single-version-externally-managed
